# JRE version: OpenJDK Runtime Environment Temurin-21.0.9+10 (21.0.9+10) (build 21.0.9+10-LTS)
# Java VM: OpenJDK 64-Bit Server VM Temurin-21.0.9+10 (21.0.9+10-LTS, mixed mode, sharing, tiered, compressed oops, compressed class ptrs, parallel gc, windows-amd64)
GC Precious Log:
 CardTable entry size: 512
 CPUs: 8 total, 8 available
 Memory: 7916M
 Large Page Support: Disabled
 NUMA Support: Disabled
 Compressed Oops: Enabled (32-bit)
 Alignments: Space 512K, Generation 512K, Heap 2M
 Heap Min Capacity: 100M
 Heap Initial Capacity: 100M
 Heap Max Capacity: 2G
 Pre-touch: Disabled
 Parallel Workers: 8
Heap:
 PSYoungGen      total 23040K, used 9774K [0x00000000d5580000, 0x00000000d6e80000, 0x0000000100000000)
  eden space 22016K, 40% used [0x00000000d5580000,0x00000000d5e238c8,0x00000000d6b00000)
  from space 1024K, 90% used [0x00000000d6b00000,0x00000000d6be8000,0x00000000d6c00000)
  to   space 1536K, 0% used [0x00000000d6d00000,0x00000000d6d00000,0x00000000d6e80000)
 ParOldGen       total 68608K, used 25723K [0x0000000080000000, 0x0000000084300000, 0x00000000d5580000)
  object space 68608K, 37% used [0x0000000080000000,0x000000008191ec08,0x0000000084300000)
 Metaspace       used 46977K, committed 48256K, reserved 1114112K
  class space    used 5182K, committed 5760K, reserved 1048576K
GC Heap History (20 events):
Event: 6.065 GC heap before
{Heap before GC invocations=12 (full 1):
 PSYoungGen      total 25088K, used 24878K [0x00000000d5580000, 0x00000000d7380000, 0x0000000100000000)
  eden space 23040K, 99% used [0x00000000d5580000,0x00000000d6bfcaa0,0x00000000d6c00000)
  from space 2048K, 90% used [0x00000000d7180000,0x00000000d734eda0,0x00000000d7380000)
  to   space 2560K, 0% used [0x00000000d6e80000,0x00000000d6e80000,0x00000000d7100000)
 ParOldGen       total 68608K, used 14587K [0x0000000080000000, 0x0000000084300000, 0x00000000d5580000)
  object space 68608K, 21% used [0x0000000080000000,0x0000000080e3ef20,0x0000000084300000)
 Metaspace       used 31103K, committed 32192K, reserved 1114112K
  class space    used 3124K, committed 3584K, reserved 1048576K
}
Event: 6.069 GC heap after
{Heap after GC invocations=12 (full 1):
 PSYoungGen      total 24576K, used 1555K [0x00000000d5580000, 0x00000000d7200000, 0x0000000100000000)
  eden space 22528K, 0% used [0x00000000d5580000,0x00000000d5580000,0x00000000d6b80000)
  from space 2048K, 75% used [0x00000000d6e80000,0x00000000d7004e30,0x00000000d7080000)
  to   space 1536K, 0% used [0x00000000d7080000,0x00000000d7080000,0x00000000d7200000)
 ParOldGen       total 68608K, used 16103K [0x0000000080000000, 0x0000000084300000, 0x00000000d5580000)
  object space 68608K, 23% used [0x0000000080000000,0x0000000080fb9c50,0x0000000084300000)
 Metaspace       used 31103K, committed 32192K, reserved 1114112K
  class space    used 3124K, committed 3584K, reserved 1048576K
}
Event: 6.282 GC heap before
{Heap before GC invocations=13 (full 1):
 PSYoungGen      total 24576K, used 24083K [0x00000000d5580000, 0x00000000d7200000, 0x0000000100000000)
  eden space 22528K, 100% used [0x00000000d5580000,0x00000000d6b80000,0x00000000d6b80000)
  from space 2048K, 75% used [0x00000000d6e80000,0x00000000d7004e30,0x00000000d7080000)
  to   space 1536K, 0% used [0x00000000d7080000,0x00000000d7080000,0x00000000d7200000)
 ParOldGen       total 68608K, used 16103K [0x0000000080000000, 0x0000000084300000, 0x00000000d5580000)
  object space 68608K, 23% used [0x0000000080000000,0x0000000080fb9c50,0x0000000084300000)
 Metaspace       used 34007K, committed 35136K, reserved 1114112K
  class space    used 3500K, committed 4032K, reserved 1048576K
}
Event: 6.285 GC heap after
{Heap after GC invocations=13 (full 1):
 PSYoungGen      total 23552K, used 1510K [0x00000000d5580000, 0x00000000d7200000, 0x0000000100000000)
  eden space 22016K, 0% used [0x00000000d5580000,0x00000000d5580000,0x00000000d6b00000)
  from space 1536K, 98% used [0x00000000d7080000,0x00000000d71f9a08,0x00000000d7200000)
  to   space 2048K, 0% used [0x00000000d6e00000,0x00000000d6e00000,0x00000000d7000000)
 ParOldGen       total 68608K, used 17475K [0x0000000080000000, 0x0000000084300000, 0x00000000d5580000)
  object space 68608K, 25% used [0x0000000080000000,0x0000000081110e58,0x0000000084300000)
 Metaspace       used 34007K, committed 35136K, reserved 1114112K
  class space    used 3500K, committed 4032K, reserved 1048576K
}
Event: 6.334 GC heap before
{Heap before GC invocations=14 (full 1):
 PSYoungGen      total 23552K, used 7778K [0x00000000d5580000, 0x00000000d7200000, 0x0000000100000000)
  eden space 22016K, 28% used [0x00000000d5580000,0x00000000d5b9f1b8,0x00000000d6b00000)
  from space 1536K, 98% used [0x00000000d7080000,0x00000000d71f9a08,0x00000000d7200000)
  to   space 2048K, 0% used [0x00000000d6e00000,0x00000000d6e00000,0x00000000d7000000)
 ParOldGen       total 68608K, used 17475K [0x0000000080000000, 0x0000000084300000, 0x00000000d5580000)
  object space 68608K, 25% used [0x0000000080000000,0x0000000081110e58,0x0000000084300000)
 Metaspace       used 34688K, committed 35840K, reserved 1114112K
  class space    used 3591K, committed 4096K, reserved 1048576K
}
Event: 6.336 GC heap after
{Heap after GC invocations=14 (full 1):
 PSYoungGen      total 24064K, used 528K [0x00000000d5580000, 0x00000000d7100000, 0x0000000100000000)
  eden space 22016K, 0% used [0x00000000d5580000,0x00000000d5580000,0x00000000d6b00000)
  from space 2048K, 25% used [0x00000000d6e00000,0x00000000d6e84010,0x00000000d7000000)
  to   space 1024K, 0% used [0x00000000d7000000,0x00000000d7000000,0x00000000d7100000)
 ParOldGen       total 68608K, used 18815K [0x0000000080000000, 0x0000000084300000, 0x00000000d5580000)
  object space 68608K, 27% used [0x0000000080000000,0x000000008125fec8,0x0000000084300000)
 Metaspace       used 34688K, committed 35840K, reserved 1114112K
  class space    used 3591K, committed 4096K, reserved 1048576K
}
Event: 6.336 GC heap before
{Heap before GC invocations=15 (full 2):
 PSYoungGen      total 24064K, used 528K [0x00000000d5580000, 0x00000000d7100000, 0x0000000100000000)
  eden space 22016K, 0% used [0x00000000d5580000,0x00000000d5580000,0x00000000d6b00000)
  from space 2048K, 25% used [0x00000000d6e00000,0x00000000d6e84010,0x00000000d7000000)
  to   space 1024K, 0% used [0x00000000d7000000,0x00000000d7000000,0x00000000d7100000)
 ParOldGen       total 68608K, used 18815K [0x0000000080000000, 0x0000000084300000, 0x00000000d5580000)
  object space 68608K, 27% used [0x0000000080000000,0x000000008125fec8,0x0000000084300000)
 Metaspace       used 34688K, committed 35840K, reserved 1114112K
  class space    used 3591K, committed 4096K, reserved 1048576K
}
Event: 6.370 GC heap after
{Heap after GC invocations=15 (full 2):
 PSYoungGen      total 24064K, used 0K [0x00000000d5580000, 0x00000000d7100000, 0x0000000100000000)
  eden space 22016K, 0% used [0x00000000d5580000,0x00000000d5580000,0x00000000d6b00000)
  from space 2048K, 0% used [0x00000000d6e00000,0x00000000d6e00000,0x00000000d7000000)
  to   space 1024K, 0% used [0x00000000d7000000,0x00000000d7000000,0x00000000d7100000)
 ParOldGen       total 68608K, used 18334K [0x0000000080000000, 0x0000000084300000, 0x00000000d5580000)
  object space 68608K, 26% used [0x0000000080000000,0x00000000811e7ac8,0x0000000084300000)
 Metaspace       used 34688K, committed 35840K, reserved 1114112K
  class space    used 3591K, committed 4096K, reserved 1048576K
}
Event: 6.537 GC heap before
{Heap before GC invocations=16 (full 2):
 PSYoungGen      total 24064K, used 22016K [0x00000000d5580000, 0x00000000d7100000, 0x0000000100000000)
  eden space 22016K, 100% used [0x00000000d5580000,0x00000000d6b00000,0x00000000d6b00000)
  from space 2048K, 0% used [0x00000000d6e00000,0x00000000d6e00000,0x00000000d7000000)
  to   space 1024K, 0% used [0x00000000d7000000,0x00000000d7000000,0x00000000d7100000)
 ParOldGen       total 68608K, used 18334K [0x0000000080000000, 0x0000000084300000, 0x00000000d5580000)
  object space 68608K, 26% used [0x0000000080000000,0x00000000811e7ac8,0x0000000084300000)
 Metaspace       used 36389K, committed 37568K, reserved 1114112K
  class space    used 3829K, committed 4352K, reserved 1048576K
}
Event: 6.539 GC heap after
{Heap after GC invocations=16 (full 2):
 PSYoungGen      total 23040K, used 1005K [0x00000000d5580000, 0x00000000d7100000, 0x0000000100000000)
  eden space 22016K, 0% used [0x00000000d5580000,0x00000000d5580000,0x00000000d6b00000)
  from space 1024K, 98% used [0x00000000d7000000,0x00000000d70fb610,0x00000000d7100000)
  to   space 2560K, 0% used [0x00000000d6c00000,0x00000000d6c00000,0x00000000d6e80000)
 ParOldGen       total 68608K, used 19438K [0x0000000080000000, 0x0000000084300000, 0x00000000d5580000)
  object space 68608K, 28% used [0x0000000080000000,0x00000000812fbac8,0x0000000084300000)
 Metaspace       used 36389K, committed 37568K, reserved 1114112K
  class space    used 3829K, committed 4352K, reserved 1048576K
}
Event: 6.716 GC heap before
{Heap before GC invocations=17 (full 2):
 PSYoungGen      total 23040K, used 23021K [0x00000000d5580000, 0x00000000d7100000, 0x0000000100000000)
  eden space 22016K, 100% used [0x00000000d5580000,0x00000000d6b00000,0x00000000d6b00000)
  from space 1024K, 98% used [0x00000000d7000000,0x00000000d70fb610,0x00000000d7100000)
  to   space 2560K, 0% used [0x00000000d6c00000,0x00000000d6c00000,0x00000000d6e80000)
 ParOldGen       total 68608K, used 19438K [0x0000000080000000, 0x0000000084300000, 0x00000000d5580000)
  object space 68608K, 28% used [0x0000000080000000,0x00000000812fbac8,0x0000000084300000)
 Metaspace       used 38415K, committed 39616K, reserved 1114112K
  class space    used 4071K, committed 4608K, reserved 1048576K
}
Event: 6.720 GC heap after
{Heap after GC invocations=17 (full 2):
 PSYoungGen      total 24576K, used 1408K [0x00000000d5580000, 0x00000000d7080000, 0x0000000100000000)
  eden space 22016K, 0% used [0x00000000d5580000,0x00000000d5580000,0x00000000d6b00000)
  from space 2560K, 55% used [0x00000000d6c00000,0x00000000d6d60000,0x00000000d6e80000)
  to   space 2048K, 0% used [0x00000000d6e80000,0x00000000d6e80000,0x00000000d7080000)
 ParOldGen       total 68608K, used 20270K [0x0000000080000000, 0x0000000084300000, 0x00000000d5580000)
  object space 68608K, 29% used [0x0000000080000000,0x00000000813cba70,0x0000000084300000)
 Metaspace       used 38415K, committed 39616K, reserved 1114112K
  class space    used 4071K, committed 4608K, reserved 1048576K
}
Event: 6.907 GC heap before
{Heap before GC invocations=18 (full 2):
 PSYoungGen      total 24576K, used 23424K [0x00000000d5580000, 0x00000000d7080000, 0x0000000100000000)
  eden space 22016K, 100% used [0x00000000d5580000,0x00000000d6b00000,0x00000000d6b00000)
  from space 2560K, 55% used [0x00000000d6c00000,0x00000000d6d60000,0x00000000d6e80000)
  to   space 2048K, 0% used [0x00000000d6e80000,0x00000000d6e80000,0x00000000d7080000)
 ParOldGen       total 68608K, used 20270K [0x0000000080000000, 0x0000000084300000, 0x00000000d5580000)
  object space 68608K, 29% used [0x0000000080000000,0x00000000813cba70,0x0000000084300000)
 Metaspace       used 39633K, committed 40896K, reserved 1114112K
  class space    used 4209K, committed 4800K, reserved 1048576K
}
Event: 6.910 GC heap after
{Heap after GC invocations=18 (full 2):
 PSYoungGen      total 24064K, used 1912K [0x00000000d5580000, 0x00000000d7080000, 0x0000000100000000)
  eden space 22016K, 0% used [0x00000000d5580000,0x00000000d5580000,0x00000000d6b00000)
  from space 2048K, 93% used [0x00000000d6e80000,0x00000000d705e1a8,0x00000000d7080000)
  to   space 2048K, 0% used [0x00000000d6c80000,0x00000000d6c80000,0x00000000d6e80000)
 ParOldGen       total 68608K, used 21504K [0x0000000080000000, 0x0000000084300000, 0x00000000d5580000)
  object space 68608K, 31% used [0x0000000080000000,0x0000000081500238,0x0000000084300000)
 Metaspace       used 39633K, committed 40896K, reserved 1114112K
  class space    used 4209K, committed 4800K, reserved 1048576K
}
Event: 7.206 GC heap before
{Heap before GC invocations=19 (full 2):
 PSYoungGen      total 24064K, used 23925K [0x00000000d5580000, 0x00000000d7080000, 0x0000000100000000)
  eden space 22016K, 99% used [0x00000000d5580000,0x00000000d6aff308,0x00000000d6b00000)
  from space 2048K, 93% used [0x00000000d6e80000,0x00000000d705e1a8,0x00000000d7080000)
  to   space 2048K, 0% used [0x00000000d6c80000,0x00000000d6c80000,0x00000000d6e80000)
 ParOldGen       total 68608K, used 21504K [0x0000000080000000, 0x0000000084300000, 0x00000000d5580000)
  object space 68608K, 31% used [0x0000000080000000,0x0000000081500238,0x0000000084300000)
 Metaspace       used 41906K, committed 43072K, reserved 1114112K
  class space    used 4502K, committed 5056K, reserved 1048576K
}
Event: 7.210 GC heap after
{Heap after GC invocations=19 (full 2):
 PSYoungGen      total 23552K, used 1299K [0x00000000d5580000, 0x00000000d6f00000, 0x0000000100000000)
  eden space 22016K, 0% used [0x00000000d5580000,0x00000000d5580000,0x00000000d6b00000)
  from space 1536K, 84% used [0x00000000d6c80000,0x00000000d6dc4ce0,0x00000000d6e00000)
  to   space 1024K, 0% used [0x00000000d6e00000,0x00000000d6e00000,0x00000000d6f00000)
 ParOldGen       total 68608K, used 23269K [0x0000000080000000, 0x0000000084300000, 0x00000000d5580000)
  object space 68608K, 33% used [0x0000000080000000,0x00000000816b9738,0x0000000084300000)
 Metaspace       used 41906K, committed 43072K, reserved 1114112K
  class space    used 4502K, committed 5056K, reserved 1048576K
}
Event: 7.523 GC heap before
{Heap before GC invocations=20 (full 2):
 PSYoungGen      total 23552K, used 23315K [0x00000000d5580000, 0x00000000d6f00000, 0x0000000100000000)
  eden space 22016K, 100% used [0x00000000d5580000,0x00000000d6b00000,0x00000000d6b00000)
  from space 1536K, 84% used [0x00000000d6c80000,0x00000000d6dc4ce0,0x00000000d6e00000)
  to   space 1024K, 0% used [0x00000000d6e00000,0x00000000d6e00000,0x00000000d6f00000)
 ParOldGen       total 68608K, used 23269K [0x0000000080000000, 0x0000000084300000, 0x00000000d5580000)
  object space 68608K, 33% used [0x0000000080000000,0x00000000816b9738,0x0000000084300000)
 Metaspace       used 44507K, committed 45760K, reserved 1114112K
  class space    used 4821K, committed 5376K, reserved 1048576K
}
Event: 7.525 GC heap after
{Heap after GC invocations=20 (full 2):
 PSYoungGen      total 23040K, used 1012K [0x00000000d5580000, 0x00000000d7100000, 0x0000000100000000)
  eden space 22016K, 0% used [0x00000000d5580000,0x00000000d5580000,0x00000000d6b00000)
  from space 1024K, 98% used [0x00000000d6e00000,0x00000000d6efd3e8,0x00000000d6f00000)
  to   space 3072K, 0% used [0x00000000d6b00000,0x00000000d6b00000,0x00000000d6e00000)
 ParOldGen       total 68608K, used 24720K [0x0000000080000000, 0x0000000084300000, 0x00000000d5580000)
  object space 68608K, 36% used [0x0000000080000000,0x00000000818242f0,0x0000000084300000)
 Metaspace       used 44507K, committed 45760K, reserved 1114112K
  class space    used 4821K, committed 5376K, reserved 1048576K
}
Event: 7.774 GC heap before
{Heap before GC invocations=21 (full 2):
 PSYoungGen      total 23040K, used 23028K [0x00000000d5580000, 0x00000000d7100000, 0x0000000100000000)
  eden space 22016K, 99% used [0x00000000d5580000,0x00000000d6afffd8,0x00000000d6b00000)
  from space 1024K, 98% used [0x00000000d6e00000,0x00000000d6efd3e8,0x00000000d6f00000)
  to   space 3072K, 0% used [0x00000000d6b00000,0x00000000d6b00000,0x00000000d6e00000)
 ParOldGen       total 68608K, used 24720K [0x0000000080000000, 0x0000000084300000, 0x00000000d5580000)
  object space 68608K, 36% used [0x0000000080000000,0x00000000818242f0,0x0000000084300000)
 Metaspace       used 46029K, committed 47296K, reserved 1114112K
  class space    used 5049K, committed 5632K, reserved 1048576K
}
Event: 7.777 GC heap after
{Heap after GC invocations=21 (full 2):
 PSYoungGen      total 23040K, used 928K [0x00000000d5580000, 0x00000000d6e80000, 0x0000000100000000)
  eden space 22016K, 0% used [0x00000000d5580000,0x00000000d5580000,0x00000000d6b00000)
  from space 1024K, 90% used [0x00000000d6b00000,0x00000000d6be8000,0x00000000d6c00000)
  to   space 1536K, 0% used [0x00000000d6d00000,0x00000000d6d00000,0x00000000d6e80000)
 ParOldGen       total 68608K, used 25723K [0x0000000080000000, 0x0000000084300000, 0x00000000d5580000)
  object space 68608K, 37% used [0x0000000080000000,0x000000008191ec08,0x0000000084300000)
 Metaspace       used 46029K, committed 47296K, reserved 1114112K
  class space    used 5049K, committed 5632K, reserved 1048576K
}

