# JRE version: OpenJDK Runtime Environment Temurin-21.0.9+10 (21.0.9+10) (build 21.0.9+10-LTS)
# Java VM: OpenJDK 64-Bit Server VM Temurin-21.0.9+10 (21.0.9+10-LTS, mixed mode, sharing, tiered, compressed oops, compressed class ptrs, parallel gc, windows-amd64)
GC Precious Log:
 CardTable entry size: 512
 CPUs: 8 total, 8 available
 Memory: 7916M
 Large Page Support: Disabled
 NUMA Support: Disabled
 Compressed Oops: Enabled (32-bit)
 Alignments: Space 512K, Generation 512K, Heap 2M
 Heap Min Capacity: 100M
 Heap Initial Capacity: 100M
 Heap Max Capacity: 2G
 Pre-touch: Disabled
 Parallel Workers: 8
Heap:
 PSYoungGen      total 21504K, used 12199K [0x00000000d5580000, 0x00000000d6e00000, 0x0000000100000000)
  eden space 20480K, 54% used [0x00000000d5580000,0x00000000d606f658,0x00000000d6980000)
  from space 1024K, 97% used [0x00000000d6d00000,0x00000000d6dfa7c0,0x00000000d6e00000)
  to   space 2048K, 0% used [0x00000000d6a00000,0x00000000d6a00000,0x00000000d6c00000)
 ParOldGen       total 68608K, used 43124K [0x0000000080000000, 0x0000000084300000, 0x00000000d5580000)
  object space 68608K, 62% used [0x0000000080000000,0x0000000082a1d138,0x0000000084300000)
 Metaspace       used 53828K, committed 55104K, reserved 1114112K
  class space    used 5823K, committed 6400K, reserved 1048576K
GC Heap History (20 events):
Event: 5.518 GC heap before
{Heap before GC invocations=23 (full 2):
 PSYoungGen      total 23552K, used 23390K [0x00000000d5580000, 0x00000000d6f80000, 0x0000000100000000)
  eden space 21504K, 100% used [0x00000000d5580000,0x00000000d6a80000,0x00000000d6a80000)
  from space 2048K, 92% used [0x00000000d6d80000,0x00000000d6f57950,0x00000000d6f80000)
  to   space 2048K, 0% used [0x00000000d6b80000,0x00000000d6b80000,0x00000000d6d80000)
 ParOldGen       total 68608K, used 29929K [0x0000000080000000, 0x0000000084300000, 0x00000000d5580000)
  object space 68608K, 43% used [0x0000000080000000,0x0000000081d3a7f0,0x0000000084300000)
 Metaspace       used 42238K, committed 43584K, reserved 1114112K
  class space    used 4504K, committed 5120K, reserved 1048576K
}
Event: 5.523 GC heap after
{Heap after GC invocations=23 (full 2):
 PSYoungGen      total 23552K, used 1802K [0x00000000d5580000, 0x00000000d6e80000, 0x0000000100000000)
  eden space 21504K, 0% used [0x00000000d5580000,0x00000000d5580000,0x00000000d6a80000)
  from space 2048K, 88% used [0x00000000d6b80000,0x00000000d6d42990,0x00000000d6d80000)
  to   space 1024K, 0% used [0x00000000d6d80000,0x00000000d6d80000,0x00000000d6e80000)
 ParOldGen       total 68608K, used 31412K [0x0000000080000000, 0x0000000084300000, 0x00000000d5580000)
  object space 68608K, 45% used [0x0000000080000000,0x0000000081ead3c8,0x0000000084300000)
 Metaspace       used 42238K, committed 43584K, reserved 1114112K
  class space    used 4504K, committed 5120K, reserved 1048576K
}
Event: 5.589 GC heap before
{Heap before GC invocations=24 (full 2):
 PSYoungGen      total 23552K, used 23306K [0x00000000d5580000, 0x00000000d6e80000, 0x0000000100000000)
  eden space 21504K, 100% used [0x00000000d5580000,0x00000000d6a80000,0x00000000d6a80000)
  from space 2048K, 88% used [0x00000000d6b80000,0x00000000d6d42990,0x00000000d6d80000)
  to   space 1024K, 0% used [0x00000000d6d80000,0x00000000d6d80000,0x00000000d6e80000)
 ParOldGen       total 68608K, used 31415K [0x0000000080000000, 0x0000000084300000, 0x00000000d5580000)
  object space 68608K, 45% used [0x0000000080000000,0x0000000081eade68,0x0000000084300000)
 Metaspace       used 42511K, committed 43776K, reserved 1114112K
  class space    used 4538K, committed 5120K, reserved 1048576K
}
Event: 5.593 GC heap after
{Heap after GC invocations=24 (full 2):
 PSYoungGen      total 21504K, used 1009K [0x00000000d5580000, 0x00000000d7280000, 0x0000000100000000)
  eden space 20480K, 0% used [0x00000000d5580000,0x00000000d5580000,0x00000000d6980000)
  from space 1024K, 98% used [0x00000000d6d80000,0x00000000d6e7c700,0x00000000d6e80000)
  to   space 4096K, 0% used [0x00000000d6980000,0x00000000d6980000,0x00000000d6d80000)
 ParOldGen       total 68608K, used 34003K [0x0000000080000000, 0x0000000084300000, 0x00000000d5580000)
  object space 68608K, 49% used [0x0000000080000000,0x0000000082134c40,0x0000000084300000)
 Metaspace       used 42511K, committed 43776K, reserved 1114112K
  class space    used 4538K, committed 5120K, reserved 1048576K
}
Event: 5.643 GC heap before
{Heap before GC invocations=25 (full 2):
 PSYoungGen      total 21504K, used 21489K [0x00000000d5580000, 0x00000000d7280000, 0x0000000100000000)
  eden space 20480K, 100% used [0x00000000d5580000,0x00000000d6980000,0x00000000d6980000)
  from space 1024K, 98% used [0x00000000d6d80000,0x00000000d6e7c700,0x00000000d6e80000)
  to   space 4096K, 0% used [0x00000000d6980000,0x00000000d6980000,0x00000000d6d80000)
 ParOldGen       total 68608K, used 34003K [0x0000000080000000, 0x0000000084300000, 0x00000000d5580000)
  object space 68608K, 49% used [0x0000000080000000,0x0000000082134c40,0x0000000084300000)
 Metaspace       used 42855K, committed 44160K, reserved 1114112K
  class space    used 4578K, committed 5184K, reserved 1048576K
}
Event: 5.648 GC heap after
{Heap after GC invocations=25 (full 2):
 PSYoungGen      total 22528K, used 1920K [0x00000000d5580000, 0x00000000d6e80000, 0x0000000100000000)
  eden space 20480K, 0% used [0x00000000d5580000,0x00000000d5580000,0x00000000d6980000)
  from space 2048K, 93% used [0x00000000d6980000,0x00000000d6b60000,0x00000000d6b80000)
  to   space 2560K, 0% used [0x00000000d6c00000,0x00000000d6c00000,0x00000000d6e80000)
 ParOldGen       total 68608K, used 35041K [0x0000000080000000, 0x0000000084300000, 0x00000000d5580000)
  object space 68608K, 51% used [0x0000000080000000,0x0000000082238530,0x0000000084300000)
 Metaspace       used 42855K, committed 44160K, reserved 1114112K
  class space    used 4578K, committed 5184K, reserved 1048576K
}
Event: 5.702 GC heap before
{Heap before GC invocations=26 (full 2):
 PSYoungGen      total 22528K, used 22400K [0x00000000d5580000, 0x00000000d6e80000, 0x0000000100000000)
  eden space 20480K, 100% used [0x00000000d5580000,0x00000000d6980000,0x00000000d6980000)
  from space 2048K, 93% used [0x00000000d6980000,0x00000000d6b60000,0x00000000d6b80000)
  to   space 2560K, 0% used [0x00000000d6c00000,0x00000000d6c00000,0x00000000d6e80000)
 ParOldGen       total 68608K, used 35041K [0x0000000080000000, 0x0000000084300000, 0x00000000d5580000)
  object space 68608K, 51% used [0x0000000080000000,0x0000000082238530,0x0000000084300000)
 Metaspace       used 43531K, committed 44864K, reserved 1114112K
  class space    used 4647K, committed 5248K, reserved 1048576K
}
Event: 5.705 GC heap after
{Heap after GC invocations=26 (full 2):
 PSYoungGen      total 22528K, used 1632K [0x00000000d5580000, 0x00000000d6e00000, 0x0000000100000000)
  eden space 20480K, 0% used [0x00000000d5580000,0x00000000d5580000,0x00000000d6980000)
  from space 2048K, 79% used [0x00000000d6c00000,0x00000000d6d98020,0x00000000d6e00000)
  to   space 2048K, 0% used [0x00000000d6980000,0x00000000d6980000,0x00000000d6b80000)
 ParOldGen       total 68608K, used 36809K [0x0000000080000000, 0x0000000084300000, 0x00000000d5580000)
  object space 68608K, 53% used [0x0000000080000000,0x00000000823f2740,0x0000000084300000)
 Metaspace       used 43531K, committed 44864K, reserved 1114112K
  class space    used 4647K, committed 5248K, reserved 1048576K
}
Event: 5.865 GC heap before
{Heap before GC invocations=27 (full 2):
 PSYoungGen      total 22528K, used 22112K [0x00000000d5580000, 0x00000000d6e00000, 0x0000000100000000)
  eden space 20480K, 100% used [0x00000000d5580000,0x00000000d6980000,0x00000000d6980000)
  from space 2048K, 79% used [0x00000000d6c00000,0x00000000d6d98020,0x00000000d6e00000)
  to   space 2048K, 0% used [0x00000000d6980000,0x00000000d6980000,0x00000000d6b80000)
 ParOldGen       total 68608K, used 36809K [0x0000000080000000, 0x0000000084300000, 0x00000000d5580000)
  object space 68608K, 53% used [0x0000000080000000,0x00000000823f2740,0x0000000084300000)
 Metaspace       used 46147K, committed 47488K, reserved 1114112K
  class space    used 4928K, committed 5504K, reserved 1048576K
}
Event: 5.867 GC heap after
{Heap after GC invocations=27 (full 2):
 PSYoungGen      total 21504K, used 976K [0x00000000d5580000, 0x00000000d6c80000, 0x0000000100000000)
  eden space 20480K, 0% used [0x00000000d5580000,0x00000000d5580000,0x00000000d6980000)
  from space 1024K, 95% used [0x00000000d6980000,0x00000000d6a74020,0x00000000d6a80000)
  to   space 1536K, 0% used [0x00000000d6b00000,0x00000000d6b00000,0x00000000d6c80000)
 ParOldGen       total 68608K, used 38309K [0x0000000080000000, 0x0000000084300000, 0x00000000d5580000)
  object space 68608K, 55% used [0x0000000080000000,0x0000000082569430,0x0000000084300000)
 Metaspace       used 46147K, committed 47488K, reserved 1114112K
  class space    used 4928K, committed 5504K, reserved 1048576K
}
Event: 6.047 GC heap before
{Heap before GC invocations=28 (full 2):
 PSYoungGen      total 21504K, used 21456K [0x00000000d5580000, 0x00000000d6c80000, 0x0000000100000000)
  eden space 20480K, 100% used [0x00000000d5580000,0x00000000d6980000,0x00000000d6980000)
  from space 1024K, 95% used [0x00000000d6980000,0x00000000d6a74020,0x00000000d6a80000)
  to   space 1536K, 0% used [0x00000000d6b00000,0x00000000d6b00000,0x00000000d6c80000)
 ParOldGen       total 68608K, used 38309K [0x0000000080000000, 0x0000000084300000, 0x00000000d5580000)
  object space 68608K, 55% used [0x0000000080000000,0x0000000082569430,0x0000000084300000)
 Metaspace       used 47681K, committed 48960K, reserved 1114112K
  class space    used 5131K, committed 5696K, reserved 1048576K
}
Event: 6.048 GC heap after
{Heap after GC invocations=28 (full 2):
 PSYoungGen      total 21504K, used 736K [0x00000000d5580000, 0x00000000d6c00000, 0x0000000100000000)
  eden space 20480K, 0% used [0x00000000d5580000,0x00000000d5580000,0x00000000d6980000)
  from space 1024K, 71% used [0x00000000d6b00000,0x00000000d6bb8000,0x00000000d6c00000)
  to   space 1024K, 0% used [0x00000000d6980000,0x00000000d6980000,0x00000000d6a80000)
 ParOldGen       total 68608K, used 39045K [0x0000000080000000, 0x0000000084300000, 0x00000000d5580000)
  object space 68608K, 56% used [0x0000000080000000,0x0000000082621450,0x0000000084300000)
 Metaspace       used 47681K, committed 48960K, reserved 1114112K
  class space    used 5131K, committed 5696K, reserved 1048576K
}
Event: 6.286 GC heap before
{Heap before GC invocations=29 (full 2):
 PSYoungGen      total 21504K, used 21216K [0x00000000d5580000, 0x00000000d6c00000, 0x0000000100000000)
  eden space 20480K, 100% used [0x00000000d5580000,0x00000000d6980000,0x00000000d6980000)
  from space 1024K, 71% used [0x00000000d6b00000,0x00000000d6bb8000,0x00000000d6c00000)
  to   space 1024K, 0% used [0x00000000d6980000,0x00000000d6980000,0x00000000d6a80000)
 ParOldGen       total 68608K, used 39045K [0x0000000080000000, 0x0000000084300000, 0x00000000d5580000)
  object space 68608K, 56% used [0x0000000080000000,0x0000000082621450,0x0000000084300000)
 Metaspace       used 49520K, committed 50880K, reserved 1114112K
  class space    used 5358K, committed 5952K, reserved 1048576K
}
Event: 6.287 GC heap after
{Heap after GC invocations=29 (full 2):
 PSYoungGen      total 21504K, used 992K [0x00000000d5580000, 0x00000000d6d80000, 0x0000000100000000)
  eden space 20480K, 0% used [0x00000000d5580000,0x00000000d5580000,0x00000000d6980000)
  from space 1024K, 96% used [0x00000000d6980000,0x00000000d6a78020,0x00000000d6a80000)
  to   space 2048K, 0% used [0x00000000d6b80000,0x00000000d6b80000,0x00000000d6d80000)
 ParOldGen       total 68608K, used 39660K [0x0000000080000000, 0x0000000084300000, 0x00000000d5580000)
  object space 68608K, 57% used [0x0000000080000000,0x00000000826bb2b0,0x0000000084300000)
 Metaspace       used 49520K, committed 50880K, reserved 1114112K
  class space    used 5358K, committed 5952K, reserved 1048576K
}
Event: 6.499 GC heap before
{Heap before GC invocations=30 (full 2):
 PSYoungGen      total 21504K, used 21472K [0x00000000d5580000, 0x00000000d6d80000, 0x0000000100000000)
  eden space 20480K, 100% used [0x00000000d5580000,0x00000000d6980000,0x00000000d6980000)
  from space 1024K, 96% used [0x00000000d6980000,0x00000000d6a78020,0x00000000d6a80000)
  to   space 2048K, 0% used [0x00000000d6b80000,0x00000000d6b80000,0x00000000d6d80000)
 ParOldGen       total 68608K, used 39660K [0x0000000080000000, 0x0000000084300000, 0x00000000d5580000)
  object space 68608K, 57% used [0x0000000080000000,0x00000000826bb2b0,0x0000000084300000)
 Metaspace       used 51627K, committed 52992K, reserved 1114112K
  class space    used 5591K, committed 6208K, reserved 1048576K
}
Event: 6.501 GC heap after
{Heap after GC invocations=30 (full 2):
 PSYoungGen      total 21504K, used 768K [0x00000000d5580000, 0x00000000d6c80000, 0x0000000100000000)
  eden space 20480K, 0% used [0x00000000d5580000,0x00000000d5580000,0x00000000d6980000)
  from space 1024K, 75% used [0x00000000d6b80000,0x00000000d6c40000,0x00000000d6c80000)
  to   space 1536K, 0% used [0x00000000d6980000,0x00000000d6980000,0x00000000d6b00000)
 ParOldGen       total 68608K, used 40576K [0x0000000080000000, 0x0000000084300000, 0x00000000d5580000)
  object space 68608K, 59% used [0x0000000080000000,0x00000000827a02e0,0x0000000084300000)
 Metaspace       used 51627K, committed 52992K, reserved 1114112K
  class space    used 5591K, committed 6208K, reserved 1048576K
}
Event: 6.888 GC heap before
{Heap before GC invocations=31 (full 2):
 PSYoungGen      total 21504K, used 21188K [0x00000000d5580000, 0x00000000d6c80000, 0x0000000100000000)
  eden space 20480K, 99% used [0x00000000d5580000,0x00000000d69713b0,0x00000000d6980000)
  from space 1024K, 75% used [0x00000000d6b80000,0x00000000d6c40000,0x00000000d6c80000)
  to   space 1536K, 0% used [0x00000000d6980000,0x00000000d6980000,0x00000000d6b00000)
 ParOldGen       total 68608K, used 40576K [0x0000000080000000, 0x0000000084300000, 0x00000000d5580000)
  object space 68608K, 59% used [0x0000000080000000,0x00000000827a02e0,0x0000000084300000)
 Metaspace       used 53111K, committed 54400K, reserved 1114112K
  class space    used 5763K, committed 6336K, reserved 1048576K
}
Event: 6.893 GC heap after
{Heap after GC invocations=31 (full 2):
 PSYoungGen      total 22016K, used 1534K [0x00000000d5580000, 0x00000000d7080000, 0x0000000100000000)
  eden space 20480K, 0% used [0x00000000d5580000,0x00000000d5580000,0x00000000d6980000)
  from space 1536K, 99% used [0x00000000d6980000,0x00000000d6affbd0,0x00000000d6b00000)
  to   space 3584K, 0% used [0x00000000d6d00000,0x00000000d6d00000,0x00000000d7080000)
 ParOldGen       total 68608K, used 41956K [0x0000000080000000, 0x0000000084300000, 0x00000000d5580000)
  object space 68608K, 61% used [0x0000000080000000,0x00000000828f9398,0x0000000084300000)
 Metaspace       used 53111K, committed 54400K, reserved 1114112K
  class space    used 5763K, committed 6336K, reserved 1048576K
}
Event: 7.161 GC heap before
{Heap before GC invocations=32 (full 2):
 PSYoungGen      total 22016K, used 22014K [0x00000000d5580000, 0x00000000d7080000, 0x0000000100000000)
  eden space 20480K, 100% used [0x00000000d5580000,0x00000000d6980000,0x00000000d6980000)
  from space 1536K, 99% used [0x00000000d6980000,0x00000000d6affbd0,0x00000000d6b00000)
  to   space 3584K, 0% used [0x00000000d6d00000,0x00000000d6d00000,0x00000000d7080000)
 ParOldGen       total 68608K, used 41956K [0x0000000080000000, 0x0000000084300000, 0x00000000d5580000)
  object space 68608K, 61% used [0x0000000080000000,0x00000000828f9398,0x0000000084300000)
 Metaspace       used 53259K, committed 54592K, reserved 1114112K
  class space    used 5775K, committed 6400K, reserved 1048576K
}
Event: 7.164 GC heap after
{Heap after GC invocations=32 (full 2):
 PSYoungGen      total 21504K, used 1001K [0x00000000d5580000, 0x00000000d6e00000, 0x0000000100000000)
  eden space 20480K, 0% used [0x00000000d5580000,0x00000000d5580000,0x00000000d6980000)
  from space 1024K, 97% used [0x00000000d6d00000,0x00000000d6dfa7c0,0x00000000d6e00000)
  to   space 2048K, 0% used [0x00000000d6a00000,0x00000000d6a00000,0x00000000d6c00000)
 ParOldGen       total 68608K, used 43124K [0x0000000080000000, 0x0000000084300000, 0x00000000d5580000)
  object space 68608K, 62% used [0x0000000080000000,0x0000000082a1d138,0x0000000084300000)
 Metaspace       used 53259K, committed 54592K, reserved 1114112K
  class space    used 5775K, committed 6400K, reserved 1048576K
}

